
1551144050	90:b0:ed:8b:9c:eb	UNKNOWN		-72
1551144050	90:b0:ed:8b:9c:eb	UNKNOWN		-72
1551144052	a4:17:31:9a:f3:7f	Hon Hai Precision Ind. Co.,Ltd.		-40
1551144052	a4:17:31:9a:f3:7f	Hon Hai Precision Ind. Co.,Ltd.		-42
1551144056	a4:17:31:9a:f3:7f	Hon Hai Precision Ind. Co.,Ltd.		-33
1551144056	a4:17:31:9a:f3:7f	Hon Hai Precision Ind. Co.,Ltd.		-33
1551144067	26:17:31:9a:f3:7f	UNKNOWN		-38
1551144067	26:17:31:9a:f3:7f	UNKNOWN		-40
1551144069	dc:0c:5c:c3:0b:22	UNKNOWN		-76
1551144069	dc:0c:5c:c3:0b:22	UNKNOWN		-76
1551144069	26:17:31:9a:f3:7f	UNKNOWN		-33
1551144070	26:17:31:9a:f3:7f	UNKNOWN		-33
1551144071	fc:65:de:72:2f:68	UNKNOWN		-46
1551144071	fc:65:de:72:2f:68	UNKNOWN		-46
1551144071	fc:65:de:72:2f:68	UNKNOWN		-46
1551144071	fc:65:de:72:2f:68	UNKNOWN		-47
1551144074	34:ab:37:00:ce:7c	UNKNOWN		-52
1551144074	34:ab:37:00:ce:7c	UNKNOWN		-52
1551144076	34:08:bc:60:c9:81	UNKNOWN		-82
1551144076	34:08:bc:60:c9:81	UNKNOWN		-82
1551144079	14:20:5e:4f:d3:0d	UNKNOWN		-78
1551144079	14:20:5e:4f:d3:0d	UNKNOWN		-80
1551144080	00:27:10:12:97:e0	Intel Corporate		-29
1551144080	00:27:10:12:97:e0	Intel Corporate	HS-Access_5GHz	-29
1551144080	00:27:10:12:97:e0	Intel Corporate		-29
1551144083	3c:2e:f9:93:b0:65	UNKNOWN		-74
1551144083	3c:2e:f9:93:b0:65	UNKNOWN		-78
1551144083	00:20:a6:f6:90:98	Proxim Wireless		-12
1551144083	00:20:a6:f6:90:98	Proxim Wireless		-256
1551144084	00:20:a6:f6:90:98	Proxim Wireless		-256
1551144084	00:20:a6:f6:90:98	Proxim Wireless		-256
1551144084	00:20:a6:f6:90:98	Proxim Wireless		-256
1551144084	00:20:a6:f6:90:98	Proxim Wireless		-256
1551144084	00:20:a6:f6:90:98	Proxim Wireless		-20
1551144084	00:20:a6:f6:90:98	Proxim Wireless		-256
1551144084	00:27:10:12:97:e0	Intel Corporate		-42
1551144084	00:27:10:12:97:e0	Intel Corporate	HS-Access_5GHz	-42
1551144084	00:27:10:12:97:e0	Intel Corporate		-42
1551144084	00:20:a6:f6:90:98	Proxim Wireless		-24
1551144084	00:20:a6:f6:90:98	Proxim Wireless		-256
1551144084	00:27:10:12:97:e0	Intel Corporate		-17
1551144084	00:27:10:12:97:e0	Intel Corporate	HS-Access_5GHz	-17
1551144084	00:27:10:12:97:e0	Intel Corporate		-17
1551144084	00:20:a6:f6:90:98	Proxim Wireless		-256
1551144084	00:20:a6:f6:90:98	Proxim Wireless		-24
1551144085	00:20:a6:f6:90:98	Proxim Wireless		-26
1551144085	00:20:a6:f6:90:98	Proxim Wireless		-256
1551144085	00:20:a6:f6:90:98	Proxim Wireless		-256
1551144085	00:20:a6:f6:90:98	Proxim Wireless		-256
1551144085	00:20:a6:f6:90:98	Proxim Wireless		-256
1551144085	00:20:a6:f6:90:98	Proxim Wireless		-256
1551144085	00:20:a6:f6:90:98	Proxim Wireless		-256
1551144085	00:20:a6:f6:90:98	Proxim Wireless		-256
1551144088	40:9c:28:d8:5b:59	UNKNOWN	HS-Access	-74
1551144088	40:9c:28:d8:5b:59	UNKNOWN	HS-Access	-74
1551144088	40:9c:28:d8:5b:59	UNKNOWN	HS-Access	-72
1551144088	40:9c:28:d8:5b:59	UNKNOWN	HS-Access	-72
1551144088	00:20:a6:f6:90:98	Proxim Wireless		-256
1551144089	00:20:a6:f6:90:98	Proxim Wireless		-256
1551144089	00:20:a6:f6:90:98	Proxim Wireless		-256
1551144089	00:20:a6:f6:90:98	Proxim Wireless		-256
1551144089	00:20:a6:f6:90:98	Proxim Wireless		-256
1551144089	00:20:a6:f6:90:98	Proxim Wireless		-256
1551144089	00:20:a6:f6:90:98	Proxim Wireless		-256
1551144089	00:20:a6:f6:90:98	Proxim Wireless		-256
1551144092	00:24:d7:1e:9c:34	Intel Corporate		-52
1551144092	00:24:d7:1e:9c:34	Intel Corporate	HS-Access	-54
1551144092	00:24:d7:1e:9c:34	Intel Corporate		-52
1551144093	00:24:d7:1e:9c:34	Intel Corporate		-34
1551144093	00:24:d7:1e:9c:34	Intel Corporate	HS-Access	-34
1551144093	00:24:d7:1e:9c:34	Intel Corporate		-33
1551144095	90:b0:ed:8b:9c:eb	UNKNOWN		-72
1551144095	90:b0:ed:8b:9c:eb	UNKNOWN		-72
1551144096	54:99:63:c4:02:ea	UNKNOWN		-56
1551144096	54:99:63:c4:02:ea	UNKNOWN		-56
1551144098	5a:f5:7f:c4:06:1a	UNKNOWN		-72
1551144098	5a:f5:7f:c4:06:1a	UNKNOWN		-76
1551144098	00:17:3f:84:7f:bf	Belkin Corporation	HS-Access	-256
1551144099	4e:0b:81:f5:76:f4	UNKNOWN		-68
1551144099	4e:0b:81:f5:76:f4	UNKNOWN		-72
1551144099	4e:0b:81:f5:76:f4	UNKNOWN		-68
1551144099	4e:0b:81:f5:76:f4	UNKNOWN		-69
1551144114	dc:0c:5c:c3:0b:22	UNKNOWN		-80
1551144119	f2:56:ba:ca:72:f1	UNKNOWN		-62
1551144119	f2:56:ba:ca:72:f1	UNKNOWN		-68
1551144119	f2:56:ba:ca:72:f1	UNKNOWN		-78
1551144120	06:0b:80:e6:ae:72	UNKNOWN		-72
1551144120	06:0b:80:e6:ae:72	UNKNOWN		-76
1551144120	40:83:1d:a0:91:f3	UNKNOWN	HS-Access	-66
1551144120	40:83:1d:a0:91:f3	UNKNOWN	HS-Access	-68
1551144120	40:83:1d:a0:91:f3	UNKNOWN	HS-Access	-68
1551144121	40:83:1d:a0:91:f3	UNKNOWN	HS-Access	-61
1551144121	40:83:1d:a0:91:f3	UNKNOWN	HS-Access	-60
1551144121	34:08:bc:60:c9:81	UNKNOWN		-82
1551144124	14:20:5e:4f:d3:0d	UNKNOWN		-82
1551144126	28:b2:bd:28:37:f5	Intel Corporate	HS-Access_5GHz	-72
1551144126	28:b2:bd:28:37:f5	Intel Corporate		-72
1551144126	28:b2:bd:28:37:f5	Intel Corporate	HS-Access_5GHz	-65
1551144126	28:b2:bd:28:37:f5	Intel Corporate		-65
1551144133	00:17:3f:84:7f:bf	Belkin Corporation	HS-Access	-256
1551144135	a0:56:f3:5e:48:f8	UNKNOWN		-64
1551144135	a0:56:f3:5e:48:f8	UNKNOWN		-64
1551144136	dc:0c:5c:c3:0b:22	UNKNOWN	HS-Access	-80
1551144136	dc:0c:5c:c3:0b:22	UNKNOWN	HS-Access	-82
1551144137	dc:0c:5c:c3:0b:22	UNKNOWN	HS-Access	-81
1551144137	dc:0c:5c:c3:0b:22	UNKNOWN	HS-Access	-81
1551144139	3c:2e:f9:93:b0:65	UNKNOWN		-80
1551144140	90:b0:ed:8b:9c:eb	UNKNOWN		-72
1551144146	00:20:a6:f6:90:98	Proxim Wireless		-12
1551144146	00:20:a6:f6:90:98	Proxim Wireless		-256
1551144147	00:20:a6:f6:90:98	Proxim Wireless		-256
1551144147	00:20:a6:f6:90:98	Proxim Wireless		-256
1551144147	a4:17:31:9a:f3:7f	Hon Hai Precision Ind. Co.,Ltd.		-42
1551144147	a4:17:31:9a:f3:7f	Hon Hai Precision Ind. Co.,Ltd.		-42
1551144147	00:20:a6:f6:90:98	Proxim Wireless		-256
1551144147	00:20:a6:f6:90:98	Proxim Wireless		-18
1551144147	00:20:a6:f6:90:98	Proxim Wireless		-256
1551144147	00:20:a6:f6:90:98	Proxim Wireless		-256
1551144147	54:99:63:c4:02:ea	UNKNOWN		-58
1551144147	54:99:63:c4:02:ea	UNKNOWN		-56
1551144147	00:20:a6:f6:90:98	Proxim Wireless		-24
1551144147	00:20:a6:f6:90:98	Proxim Wireless		-256
1551144147	00:20:a6:f6:90:98	Proxim Wireless		-256
1551144148	c0:e8:62:78:79:59	UNKNOWN	HS-Access	-82
1551144148	00:20:a6:f6:90:98	Proxim Wireless		-256
1551144148	00:20:a6:f6:90:98	Proxim Wireless		-256
1551144148	c0:e8:62:78:79:59	UNKNOWN	HS-Access	-72
1551144148	00:20:a6:f6:90:98	Proxim Wireless		-256
1551144148	00:20:a6:f6:90:98	Proxim Wireless		-256
1551144148	00:20:a6:f6:90:98	Proxim Wireless		-256
1551144148	00:20:a6:f6:90:98	Proxim Wireless		-256
1551144148	00:17:3f:84:7f:bf	Belkin Corporation		-256
1551144148	00:20:a6:f6:90:98	Proxim Wireless		-256
1551144149	00:17:3f:84:7f:bf	Belkin Corporation		-256
1551144149	00:17:3f:84:7f:bf	Belkin Corporation		-256
1551144149	00:17:3f:84:7f:bf	Belkin Corporation		-256
1551144150	00:17:3f:84:7f:bf	Belkin Corporation		-256
1551144150	00:17:3f:84:7f:bf	Belkin Corporation		-256
1551144150	00:17:3f:84:7f:bf	Belkin Corporation		-256
1551144151	00:17:3f:84:7f:bf	Belkin Corporation		-256
1551144151	00:17:3f:84:7f:bf	Belkin Corporation		-256
1551144151	34:ab:37:00:ce:7c	UNKNOWN	HS-Access	-50
1551144151	00:17:3f:84:7f:bf	Belkin Corporation		-256
1551144152	00:17:3f:84:7f:bf	Belkin Corporation		-256
1551144152	00:17:3f:84:7f:bf	Belkin Corporation	HS-Access	-256
1551144152	00:20:a6:f6:90:98	Proxim Wireless		-256
1551144152	00:20:a6:f6:90:98	Proxim Wireless		-256
1551144152	00:20:a6:f6:90:98	Proxim Wireless		-256
1551144152	00:20:a6:f6:90:98	Proxim Wireless		-256
1551144152	00:20:a6:f6:90:98	Proxim Wireless		-256
1551144152	00:20:a6:f6:90:98	Proxim Wireless		-256
1551144152	00:20:a6:f6:90:98	Proxim Wireless		-256
1551144153	00:20:a6:f6:90:98	Proxim Wireless		-256
1551144153	00:27:10:12:97:e0	Intel Corporate		-38
1551144153	00:27:10:12:97:e0	Intel Corporate	HS-Access_5GHz	-38
1551144153	00:27:10:12:97:e0	Intel Corporate		-38
1551144154	00:27:10:12:97:e0	Intel Corporate	HS-Access_5GHz	-38
1551144161	00:24:d7:1e:9c:34	Intel Corporate		-40
1551144161	00:24:d7:1e:9c:34	Intel Corporate	HS-Access	-42
1551144161	00:24:d7:1e:9c:34	Intel Corporate		-40
1551144162	00:24:d7:1e:9c:34	Intel Corporate		-36
1551144162	00:24:d7:1e:9c:34	Intel Corporate	HS-Access	-36
1551144162	00:24:d7:1e:9c:34	Intel Corporate		-37
1551144170	14:20:5e:4f:d3:0d	UNKNOWN		-80
1551144170	14:20:5e:4f:d3:0d	UNKNOWN		-80
1551144185	90:b0:ed:8b:9c:eb	UNKNOWN		-72
1551144186	fc:65:de:72:2f:68	UNKNOWN		-46
1551144186	fc:65:de:72:2f:68	UNKNOWN		-46
1551144186	fc:65:de:72:2f:68	UNKNOWN		-47
1551144186	fc:65:de:72:2f:68	UNKNOWN		-47
1551144188	a0:56:f3:5e:48:f8	UNKNOWN		-62
1551144188	a0:56:f3:5e:48:f8	UNKNOWN		-62
1551144192	54:99:63:c4:02:ea	UNKNOWN		-56
1551144192	54:99:63:c4:02:ea	UNKNOWN		-54
1551144208	34:08:bc:60:c9:81	UNKNOWN		-76
1551144208	34:08:bc:60:c9:81	UNKNOWN		-78
1551144209	00:20:a6:f6:90:98	Proxim Wireless		-256
1551144210	00:20:a6:f6:90:98	Proxim Wireless		-256
1551144210	00:20:a6:f6:90:98	Proxim Wireless		-256
1551144210	00:20:a6:f6:90:98	Proxim Wireless		-256
1551144210	00:20:a6:f6:90:98	Proxim Wireless		-20
1551144210	00:20:a6:f6:90:98	Proxim Wireless		-256
1551144210	00:20:a6:f6:90:98	Proxim Wireless		-256
1551144210	00:20:a6:f6:90:98	Proxim Wireless		-256
1551144210	00:20:a6:f6:90:98	Proxim Wireless		-24
1551144210	00:20:a6:f6:90:98	Proxim Wireless		-256
1551144211	00:20:a6:f6:90:98	Proxim Wireless		-256
1551144211	00:20:a6:f6:90:98	Proxim Wireless		-256
1551144211	00:20:a6:f6:90:98	Proxim Wireless		-256
1551144211	00:20:a6:f6:90:98	Proxim Wireless		-256
1551144211	00:20:a6:f6:90:98	Proxim Wireless		-256
1551144211	00:20:a6:f6:90:98	Proxim Wireless		-256
1551144211	00:20:a6:f6:90:98	Proxim Wireless		-256
1551144215	00:20:a6:f6:90:98	Proxim Wireless		-256
1551144215	14:20:5e:4f:d3:0d	UNKNOWN		-80
1551144215	14:20:5e:4f:d3:0d	UNKNOWN		-80
1551144215	00:20:a6:f6:90:98	Proxim Wireless		-256
1551144215	00:20:a6:f6:90:98	Proxim Wireless		-256
1551144215	00:20:a6:f6:90:98	Proxim Wireless		-256
1551144215	00:20:a6:f6:90:98	Proxim Wireless		-256
1551144215	00:20:a6:f6:90:98	Proxim Wireless		-256
1551144215	00:20:a6:f6:90:98	Proxim Wireless		-256
1551144216	00:20:a6:f6:90:98	Proxim Wireless		-256
1551144218	00:27:10:12:97:e0	Intel Corporate		-29
1551144218	00:27:10:12:97:e0	Intel Corporate	HS-Access_5GHz	-29
1551144218	00:27:10:12:97:e0	Intel Corporate		-29
1551144223	00:27:10:12:97:e0	Intel Corporate	HS-Access_5GHz	-40
1551144223	00:27:10:12:97:e0	Intel Corporate		-40
1551144229	a4:17:31:9a:f3:7f	Hon Hai Precision Ind. Co.,Ltd.		-42
1551144229	a4:17:31:9a:f3:7f	Hon Hai Precision Ind. Co.,Ltd.		-42
1551144230	3c:2e:f9:93:b0:65	UNKNOWN		-78
1551144230	90:b0:ed:8b:9c:eb	UNKNOWN		-72
1551144230	90:b0:ed:8b:9c:eb	UNKNOWN		-72
1551144230	00:24:d7:1e:9c:34	Intel Corporate		-52
1551144230	00:24:d7:1e:9c:34	Intel Corporate	HS-Access	-54
1551144230	00:24:d7:1e:9c:34	Intel Corporate		-52
1551144231	00:24:d7:1e:9c:34	Intel Corporate		-36
1551144231	00:24:d7:1e:9c:34	Intel Corporate	HS-Access	-36
1551144231	00:24:d7:1e:9c:34	Intel Corporate		-36
1551144233	a4:17:31:9a:f3:7f	Hon Hai Precision Ind. Co.,Ltd.		-33
1551144233	a4:17:31:9a:f3:7f	Hon Hai Precision Ind. Co.,Ltd.		-32
1551144251	fc:65:de:72:2f:68	UNKNOWN		-48
1551144251	fc:65:de:72:2f:68	UNKNOWN		-48
1551144252	fc:65:de:72:2f:68	UNKNOWN		-45
1551144252	fc:65:de:72:2f:68	UNKNOWN		-45
1551144252	34:ab:37:00:ce:7c	UNKNOWN		-48
1551144252	34:ab:37:00:ce:7c	UNKNOWN		-52
1551144260	14:20:5e:4f:d3:0d	UNKNOWN		-80
1551144260	14:20:5e:4f:d3:0d	UNKNOWN		-80
1551144261	54:99:63:c4:02:ea	UNKNOWN		-54
1551144261	54:99:63:c4:02:ea	UNKNOWN		-52
1551144266	34:08:bc:60:c9:81	UNKNOWN		-80
1551144266	34:08:bc:60:c9:81	UNKNOWN		-82
1551144268	00:17:3f:84:7f:bf	Belkin Corporation		-256
1551144269	00:17:3f:84:7f:bf	Belkin Corporation		-256
1551144269	00:17:3f:84:7f:bf	Belkin Corporation		-256
1551144269	00:17:3f:84:7f:bf	Belkin Corporation		-256
1551144270	00:17:3f:84:7f:bf	Belkin Corporation		-256
1551144270	00:17:3f:84:7f:bf	Belkin Corporation		-256
1551144270	00:17:3f:84:7f:bf	Belkin Corporation		-256
1551144271	00:17:3f:84:7f:bf	Belkin Corporation		-256
1551144271	00:17:3f:84:7f:bf	Belkin Corporation		-256
1551144271	00:17:3f:84:7f:bf	Belkin Corporation		-256
1551144271	00:17:3f:84:7f:bf	Belkin Corporation		-256
1551144272	00:17:3f:84:7f:bf	Belkin Corporation	HS-Access	-256
1551144272	00:20:a6:f6:90:98	Proxim Wireless		-12
1551144272	00:20:a6:f6:90:98	Proxim Wireless		-256
1551144273	00:20:a6:f6:90:98	Proxim Wireless		-12
1551144273	00:20:a6:f6:90:98	Proxim Wireless		-256
1551144273	00:20:a6:f6:90:98	Proxim Wireless		-256
1551144273	00:20:a6:f6:90:98	Proxim Wireless		-256
1551144273	00:20:a6:f6:90:98	Proxim Wireless		-20
1551144273	00:20:a6:f6:90:98	Proxim Wireless		-256
1551144273	00:20:a6:f6:90:98	Proxim Wireless		-256
1551144273	00:20:a6:f6:90:98	Proxim Wireless		-22
1551144273	00:20:a6:f6:90:98	Proxim Wireless		-256
1551144273	00:20:a6:f6:90:98	Proxim Wireless		-256
1551144274	00:20:a6:f6:90:98	Proxim Wireless		-256
1551144274	00:20:a6:f6:90:98	Proxim Wireless		-256
1551144274	00:20:a6:f6:90:98	Proxim Wireless		-32
1551144274	00:20:a6:f6:90:98	Proxim Wireless		-256
1551144274	00:20:a6:f6:90:98	Proxim Wireless		-256
1551144274	00:20:a6:f6:90:98	Proxim Wireless		-256
1551144274	34:ab:37:00:ce:7c	UNKNOWN	HS-Access	-60
1551144274	34:ab:37:00:ce:7c	UNKNOWN	HS-Access	-60
1551144274	00:20:a6:f6:90:98	Proxim Wireless		-256
1551144274	34:ab:37:00:ce:7c	UNKNOWN	HS-Access	-60
1551144274	34:ab:37:00:ce:7c	UNKNOWN	HS-Access	-60
1551144274	00:20:a6:f6:90:98	Proxim Wireless		-256
1551144275	90:b0:ed:8b:9c:eb	UNKNOWN		-70
1551144275	90:b0:ed:8b:9c:eb	UNKNOWN		-70
1551144278	00:20:a6:f6:90:98	Proxim Wireless		-256
1551144278	00:20:a6:f6:90:98	Proxim Wireless		-256
1551144278	00:20:a6:f6:90:98	Proxim Wireless		-256
1551144278	00:20:a6:f6:90:98	Proxim Wireless		-256
1551144278	00:20:a6:f6:90:98	Proxim Wireless		-256
1551144278	00:20:a6:f6:90:98	Proxim Wireless		-256
1551144278	00:20:a6:f6:90:98	Proxim Wireless		-256
1551144279	00:20:a6:f6:90:98	Proxim Wireless		-256
1551144288	00:27:10:12:97:e0	Intel Corporate		-35
1551144288	00:27:10:12:97:e0	Intel Corporate	HS-Access_5GHz	-35
1551144288	00:27:10:12:97:e0	Intel Corporate		-35
1551144292	00:27:10:12:97:e0	Intel Corporate		-38
1551144292	00:27:10:12:97:e0	Intel Corporate	HS-Access_5GHz	-36
1551144292	00:27:10:12:97:e0	Intel Corporate		-36
1551144299	40:83:1d:a0:91:f3	UNKNOWN		-84
1551144300	00:24:d7:1e:9c:34	Intel Corporate		-50
1551144300	00:24:d7:1e:9c:34	Intel Corporate	HS-Access	-50
1551144300	00:24:d7:1e:9c:34	Intel Corporate		-50
1551144301	00:24:d7:1e:9c:34	Intel Corporate		-37
1551144301	00:24:d7:1e:9c:34	Intel Corporate	HS-Access	-37
1551144301	00:24:d7:1e:9c:34	Intel Corporate		-37
1551144307	54:99:63:c4:02:ea	UNKNOWN		-58
1551144307	54:99:63:c4:02:ea	UNKNOWN		-56
1551144312	26:17:31:9a:f3:7f	UNKNOWN		-42
1551144312	26:17:31:9a:f3:7f	UNKNOWN		-40
1551144315	26:17:31:9a:f3:7f	UNKNOWN		-33
1551144315	26:17:31:9a:f3:7f	UNKNOWN		-33
1551144320	90:b0:ed:8b:9c:eb	UNKNOWN		-72
1551144320	90:b0:ed:8b:9c:eb	UNKNOWN		-72
1551144322	a4:17:31:9a:f3:7f	Hon Hai Precision Ind. Co.,Ltd.		-40
1551144322	a4:17:31:9a:f3:7f	Hon Hai Precision Ind. Co.,Ltd.		-40
1551144323	a0:56:f3:5e:48:f8	UNKNOWN		-56
1551144328	a4:17:31:9a:f3:7f	Hon Hai Precision Ind. Co.,Ltd.		-32
1551144328	a4:17:31:9a:f3:7f	Hon Hai Precision Ind. Co.,Ltd.		-32
1551144335	00:20:a6:f6:90:98	Proxim Wireless		-12
1551144335	00:20:a6:f6:90:98	Proxim Wireless		-256
1551144336	00:20:a6:f6:90:98	Proxim Wireless		-256
1551144336	00:20:a6:f6:90:98	Proxim Wireless		-256
1551144336	00:20:a6:f6:90:98	Proxim Wireless		-256
1551144336	00:20:a6:f6:90:98	Proxim Wireless		-256
1551144336	00:20:a6:f6:90:98	Proxim Wireless		-256
1551144336	00:20:a6:f6:90:98	Proxim Wireless		-24
1551144336	00:20:a6:f6:90:98	Proxim Wireless		-256
1551144336	00:20:a6:f6:90:98	Proxim Wireless		-256
1551144337	00:20:a6:f6:90:98	Proxim Wireless		-256
1551144337	00:20:a6:f6:90:98	Proxim Wireless		-256
1551144337	00:20:a6:f6:90:98	Proxim Wireless		-256
1551144337	00:20:a6:f6:90:98	Proxim Wireless		-256
1551144337	00:20:a6:f6:90:98	Proxim Wireless		-256
1551144337	00:20:a6:f6:90:98	Proxim Wireless		-256
1551144337	00:20:a6:f6:90:98	Proxim Wireless		-256
1551144341	00:20:a6:f6:90:98	Proxim Wireless		-256
1551144341	00:20:a6:f6:90:98	Proxim Wireless		-256
1551144341	00:20:a6:f6:90:98	Proxim Wireless		-256
1551144341	00:20:a6:f6:90:98	Proxim Wireless		-256
1551144341	00:20:a6:f6:90:98	Proxim Wireless		-256
1551144341	00:20:a6:f6:90:98	Proxim Wireless		-256
1551144341	00:20:a6:f6:90:98	Proxim Wireless		-256
1551144342	00:20:a6:f6:90:98	Proxim Wireless		-256
1551144346	40:83:1d:a0:91:f3	UNKNOWN	HS-Access	-78
1551144346	40:83:1d:a0:91:f3	UNKNOWN	HS-Access	-80
1551144346	fe:ef:a9:5a:26:d2	UNKNOWN		-78
1551144346	40:83:1d:a0:91:f3	UNKNOWN	HS-Access	-72
1551144347	40:83:1d:a0:91:f3	UNKNOWN	HS-Access	-72
1551144347	40:83:1d:a0:91:f3	UNKNOWN	HS-Access	-59
1551144347	40:83:1d:a0:91:f3	UNKNOWN	HS-Access	-61
1551144353	34:08:bc:60:c9:81	UNKNOWN		-78
1551144353	34:08:bc:60:c9:81	UNKNOWN		-76
1551144357	00:27:10:12:97:e0	Intel Corporate		-26
1551144357	00:27:10:12:97:e0	Intel Corporate	HS-Access_5GHz	-27
1551144357	00:27:10:12:97:e0	Intel Corporate		-27
1551144362	00:27:10:12:97:e0	Intel Corporate		-40
1551144362	00:27:10:12:97:e0	Intel Corporate	HS-Access_5GHz	-40
1551144362	00:27:10:12:97:e0	Intel Corporate		-40
1551144362	54:99:63:c4:02:ea	UNKNOWN		-60
1551144362	54:99:63:c4:02:ea	UNKNOWN		-58
1551144365	90:b0:ed:8b:9c:eb	UNKNOWN		-72
1551144365	90:b0:ed:8b:9c:eb	UNKNOWN		-72
1551144369	fc:65:de:72:2f:68	UNKNOWN		-46
1551144369	34:ab:37:00:ce:7c	UNKNOWN	HS-Access	-48
1551144369	fc:65:de:72:2f:68	UNKNOWN		-45
1551144369	fc:65:de:72:2f:68	UNKNOWN		-46
1551144369	34:ab:37:00:ce:7c	UNKNOWN	HS-Access	-48
1551144369	34:ab:37:00:ce:7c	UNKNOWN	HS-Access	-48
1551144369	34:ab:37:00:ce:7c	UNKNOWN	HS-Access	-48
1551144369	00:24:d7:1e:9c:34	Intel Corporate		-40
1551144369	00:24:d7:1e:9c:34	Intel Corporate	HS-Access	-40
1551144370	34:ab:37:00:ce:7c	UNKNOWN	HS-Access	-42
1551144370	34:ab:37:00:ce:7c	UNKNOWN	HS-Access	-42
1551144370	c0:e8:62:78:79:59	UNKNOWN	HS-Access	-82
1551144370	c0:e8:62:78:79:59	UNKNOWN	HS-Access	-82
1551144370	c0:e8:62:78:79:59	UNKNOWN	HS-Access	-82
1551144370	c0:e8:62:78:79:59	UNKNOWN	HS-Access	-81
1551144370	00:24:d7:1e:9c:34	Intel Corporate		-39
1551144370	00:24:d7:1e:9c:34	Intel Corporate	HS-Access	-39
1551144370	00:24:d7:1e:9c:34	Intel Corporate		-40
1551144383	dc:0c:5c:c3:0b:22	UNKNOWN	HS-Access	-80
1551144384	dc:0c:5c:c3:0b:22	UNKNOWN	HS-Access	-71
1551144384	dc:0c:5c:c3:0b:22	UNKNOWN	HS-Access	-70
1551144388	00:17:3f:84:7f:bf	Belkin Corporation		-256
1551144389	00:17:3f:84:7f:bf	Belkin Corporation		-256
1551144389	00:17:3f:84:7f:bf	Belkin Corporation		-256
1551144389	00:17:3f:84:7f:bf	Belkin Corporation		-256
1551144390	00:17:3f:84:7f:bf	Belkin Corporation		-256
1551144390	00:17:3f:84:7f:bf	Belkin Corporation		-256
1551144390	00:17:3f:84:7f:bf	Belkin Corporation		-256
1551144391	00:17:3f:84:7f:bf	Belkin Corporation		-256
1551144391	00:17:3f:84:7f:bf	Belkin Corporation		-256
1551144391	00:17:3f:84:7f:bf	Belkin Corporation		-256
1551144392	00:17:3f:84:7f:bf	Belkin Corporation		-256
1551144392	00:17:3f:84:7f:bf	Belkin Corporation	HS-Access	-256
1551144397	34:08:bc:60:c9:81	UNKNOWN		-80
1551144397	34:08:bc:60:c9:81	UNKNOWN		-82
1551144398	00:20:a6:f6:90:98	Proxim Wireless		-12
1551144398	00:20:a6:f6:90:98	Proxim Wireless		-256
1551144399	00:20:a6:f6:90:98	Proxim Wireless		-256
1551144399	00:20:a6:f6:90:98	Proxim Wireless		-256
1551144399	00:20:a6:f6:90:98	Proxim Wireless		-256
1551144399	00:20:a6:f6:90:98	Proxim Wireless		-256
1551144399	00:20:a6:f6:90:98	Proxim Wireless		-20
1551144399	00:20:a6:f6:90:98	Proxim Wireless		-256
1551144399	00:20:a6:f6:90:98	Proxim Wireless		-256
1551144399	00:20:a6:f6:90:98	Proxim Wireless		-22
1551144399	00:20:a6:f6:90:98	Proxim Wireless		-256
1551144400	00:20:a6:f6:90:98	Proxim Wireless		-256
1551144400	00:20:a6:f6:90:98	Proxim Wireless		-256
1551144400	00:20:a6:f6:90:98	Proxim Wireless		-256
1551144400	00:20:a6:f6:90:98	Proxim Wireless		-256
1551144400	00:20:a6:f6:90:98	Proxim Wireless		-256
1551144400	34:ab:37:00:ce:7c	UNKNOWN	HS-Access	-54
1551144400	34:ab:37:00:ce:7c	UNKNOWN	HS-Access	-54
1551144400	34:ab:37:00:ce:7c	UNKNOWN	HS-Access	-54
1551144400	34:ab:37:00:ce:7c	UNKNOWN	HS-Access	-54
1551144400	00:20:a6:f6:90:98	Proxim Wireless		-256
1551144400	00:20:a6:f6:90:98	Proxim Wireless		-256
1551144404	00:20:a6:f6:90:98	Proxim Wireless		-256
1551144404	00:20:a6:f6:90:98	Proxim Wireless		-256
1551144404	00:20:a6:f6:90:98	Proxim Wireless		-256
1551144404	00:20:a6:f6:90:98	Proxim Wireless		-256
1551144404	00:20:a6:f6:90:98	Proxim Wireless		-256
1551144404	00:20:a6:f6:90:98	Proxim Wireless		-256
1551144404	00:20:a6:f6:90:98	Proxim Wireless		-256
1551144405	00:20:a6:f6:90:98	Proxim Wireless		-256
1551144406	a4:17:31:9a:f3:7f	Hon Hai Precision Ind. Co.,Ltd.		-42
1551144406	a4:17:31:9a:f3:7f	Hon Hai Precision Ind. Co.,Ltd.		-42
1551144409	90:b0:ed:8b:9c:eb	UNKNOWN		-72
1551144409	90:b0:ed:8b:9c:eb	UNKNOWN		-72
1551144409	a4:17:31:9a:f3:7f	Hon Hai Precision Ind. Co.,Ltd.		-35
1551144409	a4:17:31:9a:f3:7f	Hon Hai Precision Ind. Co.,Ltd.		-35
1551144417	54:99:63:c4:02:ea	UNKNOWN		-52
1551144417	54:99:63:c4:02:ea	UNKNOWN		-48
1551144421	04:db:56:21:4f:7b	Apple, Inc.	HS-Access_5GHz	-72
1551144427	00:27:10:12:97:e0	Intel Corporate		-35
1551144427	00:27:10:12:97:e0	Intel Corporate	HS-Access_5GHz	-35
1551144427	00:27:10:12:97:e0	Intel Corporate		-36
1551144431	00:27:10:12:97:e0	Intel Corporate		-36
1551144431	00:27:10:12:97:e0	Intel Corporate	HS-Access_5GHz	-36
1551144431	00:27:10:12:97:e0	Intel Corporate		-36
1551144433	00:17:3f:84:7f:bf	Belkin Corporation	HS-Access	-256
1551144434	fc:65:de:72:2f:68	UNKNOWN		-50
1551144434	fc:65:de:72:2f:68	UNKNOWN		-48
1551144434	40:83:1d:a0:91:f3	UNKNOWN		-78
1551144434	fc:65:de:72:2f:68	UNKNOWN		-48
1551144434	fc:65:de:72:2f:68	UNKNOWN		-47
1551144439	00:24:d7:1e:9c:34	Intel Corporate		-52
1551144439	00:24:d7:1e:9c:34	Intel Corporate	HS-Access	-52
1551144439	00:24:d7:1e:9c:34	Intel Corporate		-52
1551144440	00:24:d7:1e:9c:34	Intel Corporate		-40
1551144440	00:24:d7:1e:9c:34	Intel Corporate	HS-Access	-40
1551144440	00:24:d7:1e:9c:34	Intel Corporate		-40
1551144451	14:20:5e:4f:d3:0d	UNKNOWN		-74
1551144451	14:20:5e:4f:d3:0d	UNKNOWN		-74
1551144454	90:b0:ed:8b:9c:eb	UNKNOWN		-72
1551144458	a0:56:f3:5e:48:f8	UNKNOWN		-60
1551144458	a0:56:f3:5e:48:f8	UNKNOWN		-60
1551144459	3c:2e:f9:93:b0:65	UNKNOWN		-80
1551144461	00:20:a6:f6:90:98	Proxim Wireless		-12
1551144461	00:20:a6:f6:90:98	Proxim Wireless		-256
1551144462	00:20:a6:f6:90:98	Proxim Wireless		-12
1551144462	00:20:a6:f6:90:98	Proxim Wireless		-256
1551144462	00:20:a6:f6:90:98	Proxim Wireless		-256
1551144462	00:20:a6:f6:90:98	Proxim Wireless		-256
1551144462	00:20:a6:f6:90:98	Proxim Wireless		-256
1551144462	00:20:a6:f6:90:98	Proxim Wireless		-18
1551144462	00:20:a6:f6:90:98	Proxim Wireless		-256
1551144462	00:20:a6:f6:90:98	Proxim Wireless		-256
1551144462	00:20:a6:f6:90:98	Proxim Wireless		-256
1551144462	00:20:a6:f6:90:98	Proxim Wireless		-26
1551144463	00:20:a6:f6:90:98	Proxim Wireless		-256
1551144463	00:20:a6:f6:90:98	Proxim Wireless		-256
1551144463	00:20:a6:f6:90:98	Proxim Wireless		-256
1551144463	00:20:a6:f6:90:98	Proxim Wireless		-256
1551144463	00:20:a6:f6:90:98	Proxim Wireless		-256
1551144463	00:20:a6:f6:90:98	Proxim Wireless		-256
1551144463	00:20:a6:f6:90:98	Proxim Wireless		-256
1551144467	00:20:a6:f6:90:98	Proxim Wireless		-256
1551144467	00:20:a6:f6:90:98	Proxim Wireless		-256
1551144467	00:20:a6:f6:90:98	Proxim Wireless		-256
1551144467	00:20:a6:f6:90:98	Proxim Wireless		-256
1551144467	00:20:a6:f6:90:98	Proxim Wireless		-256
1551144467	00:20:a6:f6:90:98	Proxim Wireless		-256
1551144467	00:20:a6:f6:90:98	Proxim Wireless		-256
1551144468	00:20:a6:f6:90:98	Proxim Wireless		-256
1551144476	34:ab:37:00:ce:7c	UNKNOWN	HS-Access	-50
1551144476	34:ab:37:00:ce:7c	UNKNOWN	HS-Access	-52
1551144476	34:ab:37:00:ce:7c	UNKNOWN	HS-Access	-50
1551144476	34:ab:37:00:ce:7c	UNKNOWN	HS-Access	-50
1551144476	34:ab:37:00:ce:7c	UNKNOWN	HS-Access	-50
1551144476	34:ab:37:00:ce:7c	UNKNOWN	HS-Access	-50
1551144477	34:ab:37:00:ce:7c	UNKNOWN	HS-Access	-43
1551144477	34:ab:37:00:ce:7c	UNKNOWN	HS-Access	-44
1551144487	a4:17:31:9a:f3:7f	Hon Hai Precision Ind. Co.,Ltd.		-40
1551144487	34:08:bc:60:c9:81	UNKNOWN		-78
1551144487	34:08:bc:60:c9:81	UNKNOWN		-80
1551144489	a4:17:31:9a:f3:7f	Hon Hai Precision Ind. Co.,Ltd.		-32
1551144489	a4:17:31:9a:f3:7f	Hon Hai Precision Ind. Co.,Ltd.		-32
1551144490	fc:65:de:72:2f:68	UNKNOWN		-48
1551144490	fc:65:de:72:2f:68	UNKNOWN		-48
1551144491	fc:65:de:72:2f:68	UNKNOWN		-47
1551144491	fc:65:de:72:2f:68	UNKNOWN		-50
1551144496	00:27:10:12:97:e0	Intel Corporate		-30
1551144496	00:27:10:12:97:e0	Intel Corporate	HS-Access_5GHz	-30
1551144496	00:27:10:12:97:e0	Intel Corporate		-30
1551144499	a0:56:f3:5e:48:f8	UNKNOWN		-56
1551144499	a0:56:f3:5e:48:f8	UNKNOWN		-58
1551144499	90:b0:ed:8b:9c:eb	UNKNOWN		-74
1551144499	90:b0:ed:8b:9c:eb	UNKNOWN		-74
1551144500	00:27:10:12:97:e0	Intel Corporate		-38
1551144500	00:27:10:12:97:e0	Intel Corporate	HS-Access_5GHz	-40
1551144500	00:27:10:12:97:e0	Intel Corporate		-40
1551144508	00:24:d7:1e:9c:34	Intel Corporate		-50
1551144508	34:ab:37:00:ce:7c	UNKNOWN	HS-Access	-50
1551144508	00:24:d7:1e:9c:34	Intel Corporate	HS-Access	-54
1551144508	00:24:d7:1e:9c:34	Intel Corporate		-52
1551144508	34:ab:37:00:ce:7c	UNKNOWN	HS-Access	-48
1551144508	34:ab:37:00:ce:7c	UNKNOWN	HS-Access	-48
1551144508	34:ab:37:00:ce:7c	UNKNOWN	HS-Access	-48
1551144508	00:17:3f:84:7f:bf	Belkin Corporation		-256
1551144509	00:24:d7:1e:9c:34	Intel Corporate		-48
1551144509	00:24:d7:1e:9c:34	Intel Corporate	HS-Access	-48
1551144509	00:24:d7:1e:9c:34	Intel Corporate		-50
1551144509	00:17:3f:84:7f:bf	Belkin Corporation		-256
1551144509	00:17:3f:84:7f:bf	Belkin Corporation		-256
1551144509	34:ab:37:00:ce:7c	UNKNOWN	HS-Access	-42
1551144509	34:ab:37:00:ce:7c	UNKNOWN	HS-Access	-42
1551144509	00:17:3f:84:7f:bf	Belkin Corporation		-256
1551144509	00:24:d7:1e:9c:34	Intel Corporate		-38
1551144509	00:24:d7:1e:9c:34	Intel Corporate	HS-Access	-38
1551144509	00:24:d7:1e:9c:34	Intel Corporate		-38
1551144510	00:17:3f:84:7f:bf	Belkin Corporation		-256
1551144510	00:17:3f:84:7f:bf	Belkin Corporation		-256
1551144510	00:17:3f:84:7f:bf	Belkin Corporation		-256
1551144511	00:17:3f:84:7f:bf	Belkin Corporation		-256
1551144511	00:17:3f:84:7f:bf	Belkin Corporation		-256
1551144511	00:17:3f:84:7f:bf	Belkin Corporation		-256
1551144511	00:17:3f:84:7f:bf	Belkin Corporation		-256
1551144512	00:17:3f:84:7f:bf	Belkin Corporation	HS-Access	-256
1551144513	34:ab:37:00:ce:7c	UNKNOWN	HS-Access	-50
1551144513	34:ab:37:00:ce:7c	UNKNOWN	HS-Access	-50
1551144513	34:ab:37:00:ce:7c	UNKNOWN	HS-Access	-50
1551144513	34:ab:37:00:ce:7c	UNKNOWN	HS-Access	-48
1551144514	34:ab:37:00:ce:7c	UNKNOWN	HS-Access	-45
1551144514	34:ab:37:00:ce:7c	UNKNOWN	HS-Access	-45
1551144518	34:ab:37:00:ce:7c	UNKNOWN	HS-Access	-48
1551144518	34:ab:37:00:ce:7c	UNKNOWN	HS-Access	-48
1551144518	34:ab:37:00:ce:7c	UNKNOWN	HS-Access	-48
1551144518	34:ab:37:00:ce:7c	UNKNOWN	HS-Access	-50
1551144524	00:20:a6:f6:90:98	Proxim Wireless		-12
1551144524	00:20:a6:f6:90:98	Proxim Wireless		-256
1551144525	00:20:a6:f6:90:98	Proxim Wireless		-256
1551144525	00:20:a6:f6:90:98	Proxim Wireless		-256
1551144525	00:20:a6:f6:90:98	Proxim Wireless		-256
1551144525	00:20:a6:f6:90:98	Proxim Wireless		-20
1551144525	00:20:a6:f6:90:98	Proxim Wireless		-256
1551144525	00:20:a6:f6:90:98	Proxim Wireless		-256
1551144525	00:20:a6:f6:90:98	Proxim Wireless		-24
1551144525	00:20:a6:f6:90:98	Proxim Wireless		-256
1551144525	00:20:a6:f6:90:98	Proxim Wireless		-256
1551144526	00:20:a6:f6:90:98	Proxim Wireless		-256
1551144526	00:20:a6:f6:90:98	Proxim Wireless		-256
1551144526	00:20:a6:f6:90:98	Proxim Wireless		-256
1551144526	00:20:a6:f6:90:98	Proxim Wireless		-256
1551144526	00:20:a6:f6:90:98	Proxim Wireless		-256
1551144526	00:20:a6:f6:90:98	Proxim Wireless		-256
1551144526	00:20:a6:f6:90:98	Proxim Wireless		-256
1551144530	00:20:a6:f6:90:98	Proxim Wireless		-256
1551144530	00:20:a6:f6:90:98	Proxim Wireless		-256
1551144530	00:20:a6:f6:90:98	Proxim Wireless		-256
1551144530	00:20:a6:f6:90:98	Proxim Wireless		-256
1551144530	00:20:a6:f6:90:98	Proxim Wireless		-256
1551144530	00:20:a6:f6:90:98	Proxim Wireless		-256
1551144530	00:20:a6:f6:90:98	Proxim Wireless		-256
1551144531	00:20:a6:f6:90:98	Proxim Wireless		-256
1551144549	34:ab:37:00:ce:7c	UNKNOWN	HS-Access	-50
1551144549	34:ab:37:00:ce:7c	UNKNOWN	HS-Access	-48
1551144549	34:ab:37:00:ce:7c	UNKNOWN	HS-Access	-48
1551144549	34:ab:37:00:ce:7c	UNKNOWN	HS-Access	-48
1551144550	34:ab:37:00:ce:7c	UNKNOWN	HS-Access	-46
1551144550	34:ab:37:00:ce:7c	UNKNOWN	HS-Access	-46
1551144550	4c:0b:be:28:b9:e8	Microsoft		-62
1551144550	4c:0b:be:28:b9:e8	Microsoft		-62
1551144551	6c:19:c0:c6:b4:1c	UNKNOWN		-70
1551144551	6c:19:c0:c6:b4:1c	UNKNOWN		-68
1551144552	4c:0b:be:28:b9:e8	Microsoft		-58
1551144552	4c:0b:be:28:b9:e8	Microsoft		-59
1551144555	3c:2e:f9:93:b0:65	UNKNOWN		-78
1551144556	fc:77:74:18:b4:dd	UNKNOWN	HS-Access	-56
1551144556	fc:77:74:18:b4:dd	UNKNOWN	HS-Access	-58
1551144556	4c:0b:be:28:b9:e8	Microsoft		-60
1551144556	4c:0b:be:28:b9:e8	Microsoft		-60
1551144556	fc:77:74:18:b4:dd	UNKNOWN	HS-Access	-54
1551144557	fc:77:74:18:b4:dd	UNKNOWN	HS-Access	-45
1551144557	4c:0b:be:28:b9:e8	Microsoft		-58
1551144557	4c:0b:be:28:b9:e8	Microsoft		-57
1551144560	34:ab:37:00:ce:7c	UNKNOWN	HS-Access	-56
1551144560	34:ab:37:00:ce:7c	UNKNOWN	HS-Access	-58
1551144560	34:ab:37:00:ce:7c	UNKNOWN	HS-Access	-56
1551144560	34:ab:37:00:ce:7c	UNKNOWN	HS-Access	-54
1551144561	34:ab:37:00:ce:7c	UNKNOWN	HS-Access	-48
1551144561	34:ab:37:00:ce:7c	UNKNOWN	HS-Access	-48
1551144565	00:27:10:12:97:e0	Intel Corporate		-34
1551144565	00:27:10:12:97:e0	Intel Corporate	HS-Access_5GHz	-35
1551144565	00:27:10:12:97:e0	Intel Corporate		-36
1551144569	26:17:31:9a:f3:7f	UNKNOWN		-42
1551144569	26:17:31:9a:f3:7f	UNKNOWN		-42
1551144569	00:27:10:12:97:e0	Intel Corporate		-36
1551144569	00:27:10:12:97:e0	Intel Corporate	HS-Access_5GHz	-36
1551144569	00:27:10:12:97:e0	Intel Corporate		-36
1551144572	26:17:31:9a:f3:7f	UNKNOWN		-33
1551144572	26:17:31:9a:f3:7f	UNKNOWN		-33
1551144575	9c:b6:d0:88:1a:93	Rivet Networks		-56
1551144575	9c:b6:d0:88:1a:93	Rivet Networks		-56
1551144575	00:17:3f:84:7f:bf	Belkin Corporation	HS-Access	-256
1551144575	9c:b6:d0:88:1a:93	Rivet Networks		-60
1551144576	9c:b6:d0:88:1a:93	Rivet Networks		-61
1551144578	00:24:d7:1e:9c:34	Intel Corporate		-40
1551144578	00:24:d7:1e:9c:34	Intel Corporate	HS-Access	-38
1551144578	00:24:d7:1e:9c:34	Intel Corporate		-38
1551144578	00:24:d7:1e:9c:34	Intel Corporate	HS-Access	-72
1551144579	00:24:d7:1e:9c:34	Intel Corporate		-40
1551144579	00:24:d7:1e:9c:34	Intel Corporate	HS-Access	-40
1551144579	00:24:d7:1e:9c:34	Intel Corporate		-40
1551144579	48:3b:38:15:47:69	UNKNOWN	HS-Access_5GHz	-54
1551144579	48:3b:38:15:47:69	UNKNOWN	HS-Access_5GHz	-54
1551144580	a4:17:31:9a:f3:7f	Hon Hai Precision Ind. Co.,Ltd.		-40
1551144580	a4:17:31:9a:f3:7f	Hon Hai Precision Ind. Co.,Ltd.		-40
1551144580	9c:b6:d0:88:1a:93	Rivet Networks		-64
1551144580	9c:b6:d0:88:1a:93	Rivet Networks		-64
1551144580	48:3b:38:15:47:69	UNKNOWN	HS-Access_5GHz	-39
1551144580	48:3b:38:15:47:69	UNKNOWN	HS-Access_5GHz	-39
1551144580	9c:b6:d0:88:1a:93	Rivet Networks		-58
1551144580	9c:b6:d0:88:1a:93	Rivet Networks		-60
1551144584	a4:17:31:9a:f3:7f	Hon Hai Precision Ind. Co.,Ltd.		-32
1551144584	a4:17:31:9a:f3:7f	Hon Hai Precision Ind. Co.,Ltd.		-32
1551144587	dc:0c:5c:c3:0b:22	UNKNOWN	HS-Access	-68
1551144587	dc:0c:5c:c3:0b:22	UNKNOWN	HS-Access	-68
1551144587	dc:0c:5c:c3:0b:22	UNKNOWN	HS-Access	-68
1551144587	dc:0c:5c:c3:0b:22	UNKNOWN	HS-Access	-70
1551144587	00:20:a6:f6:90:98	Proxim Wireless		-256
1551144588	00:20:a6:f6:90:98	Proxim Wireless		-256
1551144588	00:20:a6:f6:90:98	Proxim Wireless		-256
1551144588	00:20:a6:f6:90:98	Proxim Wireless		-20
1551144588	00:20:a6:f6:90:98	Proxim Wireless		-256
1551144588	00:20:a6:f6:90:98	Proxim Wireless		-256
1551144588	00:20:a6:f6:90:98	Proxim Wireless		-256
1551144588	00:20:a6:f6:90:98	Proxim Wireless		-256
1551144588	00:20:a6:f6:90:98	Proxim Wireless		-22
1551144588	00:20:a6:f6:90:98	Proxim Wireless		-256
1551144589	00:20:a6:f6:90:98	Proxim Wireless		-256
1551144589	90:b0:ed:8b:9c:eb	UNKNOWN		-76
1551144589	90:b0:ed:8b:9c:eb	UNKNOWN		-74
1551144589	00:20:a6:f6:90:98	Proxim Wireless		-256
1551144589	00:20:a6:f6:90:98	Proxim Wireless		-256
1551144589	00:20:a6:f6:90:98	Proxim Wireless		-256
1551144589	00:20:a6:f6:90:98	Proxim Wireless		-256
1551144589	00:20:a6:f6:90:98	Proxim Wireless		-256
1551144589	00:20:a6:f6:90:98	Proxim Wireless		-256
1551144592	00:20:a6:f6:90:98	Proxim Wireless		-256
1551144593	00:20:a6:f6:90:98	Proxim Wireless		-256
1551144593	00:20:a6:f6:90:98	Proxim Wireless		-256
1551144593	00:20:a6:f6:90:98	Proxim Wireless		-256
1551144593	a4:17:31:9a:f3:7f	Hon Hai Precision Ind. Co.,Ltd.		-36
1551144593	00:20:a6:f6:90:98	Proxim Wireless		-256
1551144593	00:20:a6:f6:90:98	Proxim Wireless		-256
1551144593	00:20:a6:f6:90:98	Proxim Wireless		-256
1551144593	00:20:a6:f6:90:98	Proxim Wireless		-256
1551144600	a0:56:f3:5e:48:f8	UNKNOWN		-60
1551144600	a0:56:f3:5e:48:f8	UNKNOWN		-62
1551144616	34:ab:37:00:ce:7c	UNKNOWN	HS-Access	-50
1551144616	34:ab:37:00:ce:7c	UNKNOWN	HS-Access	-52
1551144616	34:ab:37:00:ce:7c	UNKNOWN	HS-Access	-52
1551144616	34:ab:37:00:ce:7c	UNKNOWN	HS-Access	-50
1551144616	4c:0b:be:28:b9:e8	Microsoft		-62
1551144616	34:ab:37:00:ce:7c	UNKNOWN	HS-Access	-48
1551144616	34:ab:37:00:ce:7c	UNKNOWN	HS-Access	-48
1551144617	4c:0b:be:28:b9:e8	Microsoft		-58
1551144617	4c:0b:be:28:b9:e8	Microsoft		-57
1551144628	dc:0c:5c:c3:0b:22	UNKNOWN	HS-Access	-72
1551144628	dc:0c:5c:c3:0b:22	UNKNOWN	HS-Access	-72
1551144628	dc:0c:5c:c3:0b:22	UNKNOWN	HS-Access	-70
1551144628	dc:0c:5c:c3:0b:22	UNKNOWN	HS-Access	-70
1551144628	00:17:3f:84:7f:bf	Belkin Corporation		-256
1551144629	dc:0c:5c:c3:0b:22	UNKNOWN	HS-Access	-62
1551144629	dc:0c:5c:c3:0b:22	UNKNOWN	HS-Access	-62
1551144629	00:17:3f:84:7f:bf	Belkin Corporation		-256
1551144629	00:17:3f:84:7f:bf	Belkin Corporation		-256
1551144629	00:17:3f:84:7f:bf	Belkin Corporation		-256
1551144630	00:17:3f:84:7f:bf	Belkin Corporation		-256
1551144630	00:17:3f:84:7f:bf	Belkin Corporation		-256
1551144630	00:17:3f:84:7f:bf	Belkin Corporation		-256
1551144631	00:17:3f:84:7f:bf	Belkin Corporation		-256
1551144631	00:17:3f:84:7f:bf	Belkin Corporation		-256
1551144631	00:17:3f:84:7f:bf	Belkin Corporation		-256
1551144632	00:17:3f:84:7f:bf	Belkin Corporation		-256
1551144632	00:17:3f:84:7f:bf	Belkin Corporation	HS-Access	-256
1551144634	00:27:10:12:97:e0	Intel Corporate		-28
1551144634	00:27:10:12:97:e0	Intel Corporate	HS-Access_5GHz	-28
1551144634	00:27:10:12:97:e0	Intel Corporate		-28
1551144639	00:27:10:12:97:e0	Intel Corporate		-38
1551144639	00:27:10:12:97:e0	Intel Corporate	HS-Access_5GHz	-38
1551144639	00:27:10:12:97:e0	Intel Corporate		-38
1551144645	00:24:d7:1e:9c:34	Intel Corporate		-52
1551144645	00:24:d7:1e:9c:34	Intel Corporate	HS-Access	-54
1551144645	00:24:d7:1e:9c:34	Intel Corporate		-52
1551144646	00:24:d7:1e:9c:34	Intel Corporate		-35
1551144646	00:24:d7:1e:9c:34	Intel Corporate	HS-Access	-35
1551144646	00:24:d7:1e:9c:34	Intel Corporate		-35
1551144650	00:20:a6:f6:90:98	Proxim Wireless		-12
1551144650	00:20:a6:f6:90:98	Proxim Wireless		-256
1551144651	00:20:a6:f6:90:98	Proxim Wireless		-256
1551144651	00:20:a6:f6:90:98	Proxim Wireless		-256
1551144651	00:20:a6:f6:90:98	Proxim Wireless		-256
1551144651	00:20:a6:f6:90:98	Proxim Wireless		-256
1551144651	00:20:a6:f6:90:98	Proxim Wireless		-256
1551144651	00:20:a6:f6:90:98	Proxim Wireless		-24
1551144651	00:20:a6:f6:90:98	Proxim Wireless		-256
1551144651	00:20:a6:f6:90:98	Proxim Wireless		-256
1551144652	00:20:a6:f6:90:98	Proxim Wireless		-256
1551144652	00:20:a6:f6:90:98	Proxim Wireless		-256
1551144652	00:20:a6:f6:90:98	Proxim Wireless		-256
1551144652	00:20:a6:f6:90:98	Proxim Wireless		-256
1551144652	00:20:a6:f6:90:98	Proxim Wireless		-256
1551144652	00:20:a6:f6:90:98	Proxim Wireless		-256
1551144652	00:20:a6:f6:90:98	Proxim Wireless		-256
1551144655	00:20:a6:f6:90:98	Proxim Wireless		-256
1551144656	00:20:a6:f6:90:98	Proxim Wireless		-256
1551144656	00:20:a6:f6:90:98	Proxim Wireless		-256
1551144656	00:20:a6:f6:90:98	Proxim Wireless		-256
1551144656	00:20:a6:f6:90:98	Proxim Wireless		-256
1551144656	00:20:a6:f6:90:98	Proxim Wireless		-256
1551144656	00:20:a6:f6:90:98	Proxim Wireless		-256
1551144656	00:20:a6:f6:90:98	Proxim Wireless		-256
1551144668	34:ab:37:00:ce:7c	UNKNOWN	HS-Access	-46
1551144668	34:ab:37:00:ce:7c	UNKNOWN	HS-Access	-46
1551144668	34:ab:37:00:ce:7c	UNKNOWN	HS-Access	-46
1551144668	34:ab:37:00:ce:7c	UNKNOWN	HS-Access	-46
1551144668	a4:17:31:9a:f3:7f	Hon Hai Precision Ind. Co.,Ltd.		-42
1551144668	a4:17:31:9a:f3:7f	Hon Hai Precision Ind. Co.,Ltd.		-42
1551144669	34:ab:37:00:ce:7c	UNKNOWN	HS-Access	-44
1551144669	34:ab:37:00:ce:7c	UNKNOWN	HS-Access	-44
1551144671	a4:17:31:9a:f3:7f	Hon Hai Precision Ind. Co.,Ltd.		-29
1551144671	a4:17:31:9a:f3:7f	Hon Hai Precision Ind. Co.,Ltd.		-30
1551144672	a0:56:f3:5e:48:f8	UNKNOWN		-46
1551144672	a0:56:f3:5e:48:f8	UNKNOWN		-48
1551144676	4c:0b:be:28:b9:e8	Microsoft		-66
1551144676	4c:0b:be:28:b9:e8	Microsoft		-66
1551144677	4c:0b:be:28:b9:e8	Microsoft		-59
1551144677	4c:0b:be:28:b9:e8	Microsoft		-58
1551144679	90:b0:ed:8b:9c:eb	UNKNOWN		-74
1551144679	90:b0:ed:8b:9c:eb	UNKNOWN		-74
1551144680	4c:0b:be:28:b9:e8	Microsoft		-64
1551144680	4c:0b:be:28:b9:e8	Microsoft		-64
1551144681	4c:0b:be:28:b9:e8	Microsoft		-57
1551144681	4c:0b:be:28:b9:e8	Microsoft		-58
1551144687	04:db:56:21:4f:7b	Apple, Inc.	HS-Access_5GHz	-68
1551144692	34:ab:37:00:ce:7c	UNKNOWN	HS-Access	-54
1551144692	34:ab:37:00:ce:7c	UNKNOWN	HS-Access	-52
1551144692	34:ab:37:00:ce:7c	UNKNOWN	HS-Access	-52
1551144692	34:ab:37:00:ce:7c	UNKNOWN	HS-Access	-52
1551144693	34:ab:37:00:ce:7c	UNKNOWN	HS-Access	-45
1551144693	34:ab:37:00:ce:7c	UNKNOWN	HS-Access	-45
1551144693	3c:2e:f9:93:b0:65	UNKNOWN		-80
1551144693	00:17:3f:84:7f:bf	Belkin Corporation	HS-Access	-256
1551144704	00:27:10:12:97:e0	Intel Corporate		-34
1551144704	00:27:10:12:97:e0	Intel Corporate	HS-Access_5GHz	-34
1551144704	00:27:10:12:97:e0	Intel Corporate		-35
1551144708	00:27:10:12:97:e0	Intel Corporate		-40
1551144708	00:27:10:12:97:e0	Intel Corporate	HS-Access_5GHz	-40
1551144708	00:27:10:12:97:e0	Intel Corporate		-38
1551144713	14:20:5e:4f:d3:0d	UNKNOWN		-60
1551144713	14:20:5e:4f:d3:0d	UNKNOWN		-62
1551144713	00:20:a6:f6:90:98	Proxim Wireless		-256
1551144714	00:20:a6:f6:90:98	Proxim Wireless		-12
1551144714	00:20:a6:f6:90:98	Proxim Wireless		-256
1551144714	00:20:a6:f6:90:98	Proxim Wireless		-256
1551144714	00:20:a6:f6:90:98	Proxim Wireless		-256
1551144715	00:20:a6:f6:90:98	Proxim Wireless		-256
1551144715	00:20:a6:f6:90:98	Proxim Wireless		-256
1551144715	00:20:a6:f6:90:98	Proxim Wireless		-256
1551144715	00:20:a6:f6:90:98	Proxim Wireless		-256
1551144715	00:20:a6:f6:90:98	Proxim Wireless		-256
1551144715	00:20:a6:f6:90:98	Proxim Wireless		-256
1551144715	00:20:a6:f6:90:98	Proxim Wireless		-256
1551144715	00:20:a6:f6:90:98	Proxim Wireless		-256
1551144715	00:24:d7:1e:9c:34	Intel Corporate		-50
1551144715	00:24:d7:1e:9c:34	Intel Corporate	HS-Access	-52
1551144715	00:24:d7:1e:9c:34	Intel Corporate		-50
1551144715	00:20:a6:f6:90:98	Proxim Wireless		-256
1551144715	00:20:a6:f6:90:98	Proxim Wireless		-256
1551144715	00:20:a6:f6:90:98	Proxim Wireless		-256
1551144719	00:20:a6:f6:90:98	Proxim Wireless		-256
1551144719	00:20:a6:f6:90:98	Proxim Wireless		-256
1551144719	00:20:a6:f6:90:98	Proxim Wireless		-256
1551144719	00:20:a6:f6:90:98	Proxim Wireless		-256
1551144719	00:20:a6:f6:90:98	Proxim Wireless		-256
1551144719	00:20:a6:f6:90:98	Proxim Wireless		-256
1551144719	00:20:a6:f6:90:98	Proxim Wireless		-256
1551144720	00:20:a6:f6:90:98	Proxim Wireless		-256
