
1551144030	00:17:3f:84:7f:bf	Belkin Corporation		-256
1551144030	00:17:3f:84:7f:bf	Belkin Corporation		-256
1551144030	00:17:3f:84:7f:bf	Belkin Corporation		-256
1551144030	a0:56:f3:5e:48:f8	UNKNOWN		-58
1551144030	a0:56:f3:5e:48:f8	UNKNOWN		-58
1551144031	00:17:3f:84:7f:bf	Belkin Corporation		-256
1551144031	00:17:3f:84:7f:bf	Belkin Corporation		-256
1551144031	00:17:3f:84:7f:bf	Belkin Corporation		-256
1551144032	00:17:3f:84:7f:bf	Belkin Corporation		-256
1551144032	00:17:3f:84:7f:bf	Belkin Corporation	HS-Access	-256
1551144034	8e:a2:5f:8f:94:1e	UNKNOWN		-70
1551144034	8e:a2:5f:8f:94:1e	UNKNOWN		-77
1551144037	ee:f7:db:1d:22:e6	UNKNOWN		-70
1551144037	ee:f7:db:1d:22:e6	UNKNOWN		-72
1551144038	14:20:5e:4f:d3:0d	UNKNOWN		-62
1551144038	14:20:5e:4f:d3:0d	UNKNOWN		-62
1551144038	92:05:d5:ed:8b:54	UNKNOWN		-70
1551144038	92:05:d5:ed:8b:54	UNKNOWN		-72
1551144038	92:05:d5:ed:8b:54	UNKNOWN		-78
1551144038	92:05:d5:ed:8b:54	UNKNOWN		-79
