
1551144724	90:b0:ed:8b:9c:eb	UNKNOWN		-74
1551144724	90:b0:ed:8b:9c:eb	UNKNOWN		-72
1551144729	40:9c:28:d8:5b:59	UNKNOWN		-78
1551144731	fc:65:de:72:2f:68	UNKNOWN		-46
1551144731	fc:65:de:72:2f:68	UNKNOWN		-48
1551144731	48:3b:38:15:47:69	UNKNOWN	HS-Access_5GHz	-58
1551144731	48:3b:38:15:47:69	UNKNOWN	HS-Access_5GHz	-60
1551144731	fc:65:de:72:2f:68	UNKNOWN		-48
1551144731	fc:65:de:72:2f:68	UNKNOWN		-49
1551144732	48:3b:38:15:47:69	UNKNOWN	HS-Access_5GHz	-45
1551144732	48:3b:38:15:47:69	UNKNOWN	HS-Access_5GHz	-44
1551144733	00:17:3f:84:7f:bf	Belkin Corporation	HS-Access	-256
1551144738	3c:2e:f9:93:b0:65	UNKNOWN		-76
1551144738	3c:2e:f9:93:b0:65	UNKNOWN		-82
1551144740	4c:0b:be:28:b9:e8	Microsoft		-66
1551144741	4c:0b:be:28:b9:e8	Microsoft		-62
1551144741	4c:0b:be:28:b9:e8	Microsoft		-60
1551144741	54:99:63:c4:02:ea	UNKNOWN		-62
1551144741	54:99:63:c4:02:ea	UNKNOWN		-58
1551144743	4c:0b:be:28:b9:e8	Microsoft		-64
1551144743	4c:0b:be:28:b9:e8	Microsoft		-64
1551144744	4c:0b:be:28:b9:e8	Microsoft		-61
1551144744	4c:0b:be:28:b9:e8	Microsoft		-60
1551144748	00:17:3f:84:7f:bf	Belkin Corporation		-256
1551144749	00:17:3f:84:7f:bf	Belkin Corporation		-256
1551144749	00:17:3f:84:7f:bf	Belkin Corporation		-256
1551144749	00:17:3f:84:7f:bf	Belkin Corporation		-256
1551144750	00:17:3f:84:7f:bf	Belkin Corporation		-256
1551144750	00:17:3f:84:7f:bf	Belkin Corporation		-256
1551144750	00:17:3f:84:7f:bf	Belkin Corporation		-256
1551144751	00:17:3f:84:7f:bf	Belkin Corporation		-256
1551144751	00:17:3f:84:7f:bf	Belkin Corporation		-256
1551144751	00:17:3f:84:7f:bf	Belkin Corporation		-256
1551144752	00:17:3f:84:7f:bf	Belkin Corporation		-256
1551144752	00:17:3f:84:7f:bf	Belkin Corporation	HS-Access	-256
1551144753	26:17:31:9a:f3:7f	UNKNOWN		-44
1551144753	26:17:31:9a:f3:7f	UNKNOWN		-44
1551144754	14:20:5e:4f:d3:0d	UNKNOWN		-70
1551144754	14:20:5e:4f:d3:0d	UNKNOWN		-68
1551144756	26:17:31:9a:f3:7f	UNKNOWN		-30
1551144756	26:17:31:9a:f3:7f	UNKNOWN		-29
1551144764	a4:17:31:9a:f3:7f	Hon Hai Precision Ind. Co.,Ltd.		-44
1551144764	a4:17:31:9a:f3:7f	Hon Hai Precision Ind. Co.,Ltd.		-44
1551144765	dc:0c:5c:c3:0b:22	UNKNOWN	HS-Access	-74
1551144765	dc:0c:5c:c3:0b:22	UNKNOWN	HS-Access	-74
1551144765	9c:b6:d0:88:1a:93	Rivet Networks	HS-Access_5GHz	-64
1551144765	9c:b6:d0:88:1a:93	Rivet Networks	HS-Access_5GHz	-64
1551144765	34:08:bc:60:c9:81	UNKNOWN		-82
1551144765	34:08:bc:60:c9:81	UNKNOWN		-80
1551144767	a4:17:31:9a:f3:7f	Hon Hai Precision Ind. Co.,Ltd.		-30
1551144767	a4:17:31:9a:f3:7f	Hon Hai Precision Ind. Co.,Ltd.		-30
1551144769	90:b0:ed:8b:9c:eb	UNKNOWN		-76
1551144769	90:b0:ed:8b:9c:eb	UNKNOWN		-76
1551144769	48:3b:38:15:47:69	UNKNOWN	HS-Access_5GHz	-56
1551144769	48:3b:38:15:47:69	UNKNOWN	HS-Access_5GHz	-56
1551144770	9c:b6:d0:88:1a:93	Rivet Networks	HS-Access_5GHz	-59
1551144770	9c:b6:d0:88:1a:93	Rivet Networks	HS-Access_5GHz	-59
1551144770	48:3b:38:15:47:69	UNKNOWN	HS-Access_5GHz	-34
1551144770	48:3b:38:15:47:69	UNKNOWN	HS-Access_5GHz	-34
1551144773	00:27:10:12:97:e0	Intel Corporate		-30
1551144773	00:27:10:12:97:e0	Intel Corporate	HS-Access_5GHz	-30
1551144773	00:27:10:12:97:e0	Intel Corporate		-30
1551144776	00:20:a6:f6:90:98	Proxim Wireless		-12
1551144776	00:20:a6:f6:90:98	Proxim Wireless		-256
1551144777	00:20:a6:f6:90:98	Proxim Wireless		-256
1551144777	00:20:a6:f6:90:98	Proxim Wireless		-256
1551144777	00:20:a6:f6:90:98	Proxim Wireless		-256
1551144777	00:20:a6:f6:90:98	Proxim Wireless		-256
1551144777	00:20:a6:f6:90:98	Proxim Wireless		-20
1551144777	00:20:a6:f6:90:98	Proxim Wireless		-256
1551144777	00:20:a6:f6:90:98	Proxim Wireless		-256
1551144777	00:20:a6:f6:90:98	Proxim Wireless		-24
1551144777	00:27:10:12:97:e0	Intel Corporate		-40
1551144777	00:27:10:12:97:e0	Intel Corporate	HS-Access_5GHz	-40
1551144777	00:27:10:12:97:e0	Intel Corporate		-40
1551144777	00:20:a6:f6:90:98	Proxim Wireless		-256
1551144778	00:27:10:12:97:e0	Intel Corporate		-58
1551144778	00:20:a6:f6:90:98	Proxim Wireless		-256
1551144778	00:20:a6:f6:90:98	Proxim Wireless		-28
1551144778	00:20:a6:f6:90:98	Proxim Wireless		-256
1551144778	00:20:a6:f6:90:98	Proxim Wireless		-256
1551144778	00:20:a6:f6:90:98	Proxim Wireless		-256
1551144778	3c:2e:f9:93:b0:65	UNKNOWN		-76
1551144778	00:20:a6:f6:90:98	Proxim Wireless		-256
1551144778	00:20:a6:f6:90:98	Proxim Wireless		-256
1551144778	00:20:a6:f6:90:98	Proxim Wireless		-256
1551144782	00:20:a6:f6:90:98	Proxim Wireless		-256
1551144782	00:20:a6:f6:90:98	Proxim Wireless		-256
1551144782	00:20:a6:f6:90:98	Proxim Wireless		-256
1551144782	00:20:a6:f6:90:98	Proxim Wireless		-256
1551144782	00:20:a6:f6:90:98	Proxim Wireless		-256
1551144782	00:20:a6:f6:90:98	Proxim Wireless		-256
1551144782	00:17:3f:84:7f:bf	Belkin Corporation	HS-Access	-256
1551144782	00:20:a6:f6:90:98	Proxim Wireless		-256
1551144783	00:20:a6:f6:90:98	Proxim Wireless		-256
1551144785	00:24:d7:1e:9c:34	Intel Corporate		-38
1551144785	00:24:d7:1e:9c:34	Intel Corporate	HS-Access	-40
1551144785	00:24:d7:1e:9c:34	Intel Corporate		-38
1551144786	00:24:d7:1e:9c:34	Intel Corporate		-35
1551144786	00:24:d7:1e:9c:34	Intel Corporate	HS-Access	-36
1551144786	00:24:d7:1e:9c:34	Intel Corporate		-35
1551144799	14:20:5e:4f:d3:0d	UNKNOWN		-62
1551144799	14:20:5e:4f:d3:0d	UNKNOWN		-62
1551144803	4c:0b:be:28:b9:e8	Microsoft		-58
1551144803	4c:0b:be:28:b9:e8	Microsoft		-58
1551144804	4c:0b:be:28:b9:e8	Microsoft		-58
1551144804	4c:0b:be:28:b9:e8	Microsoft		-57
1551144805	dc:0c:5c:c3:0b:22	UNKNOWN	HS-Access	-84
1551144805	dc:0c:5c:c3:0b:22	UNKNOWN	HS-Access	-82
1551144806	dc:0c:5c:c3:0b:22	UNKNOWN	HS-Access	-63
1551144806	dc:0c:5c:c3:0b:22	UNKNOWN	HS-Access	-64
1551144814	90:b0:ed:8b:9c:eb	UNKNOWN		-76
1551144814	90:b0:ed:8b:9c:eb	UNKNOWN		-76
1551144821	6c:19:c0:c6:b4:1c	UNKNOWN		-66
1551144824	a0:56:f3:5e:48:f8	UNKNOWN		-60
1551144824	a0:56:f3:5e:48:f8	UNKNOWN		-62
1551144826	4e:58:35:cb:08:e8	UNKNOWN		-70
1551144832	54:99:63:c4:02:ea	UNKNOWN		-66
1551144832	54:99:63:c4:02:ea	UNKNOWN		-64
1551144837	40:9c:28:d8:5b:59	UNKNOWN	HS-Access	-76
1551144837	40:9c:28:d8:5b:59	UNKNOWN	HS-Access	-76
1551144837	40:9c:28:d8:5b:59	UNKNOWN	HS-Access	-76
1551144837	40:9c:28:d8:5b:59	UNKNOWN	HS-Access	-78
1551144837	40:9c:28:d8:5b:59	UNKNOWN	HS-Access	-76
1551144837	40:9c:28:d8:5b:59	UNKNOWN	HS-Access	-76
1551144838	54:99:63:c4:02:ea	UNKNOWN	HS-Access_5GHz	-66
1551144838	54:99:63:c4:02:ea	UNKNOWN	HS-Access_5GHz	-64
1551144838	54:99:63:c4:02:ea	UNKNOWN	HS-Access_5GHz	-62
1551144838	54:99:63:c4:02:ea	UNKNOWN	HS-Access_5GHz	-60
1551144839	00:20:a6:f6:90:98	Proxim Wireless		-256
1551144839	00:20:a6:f6:90:98	Proxim Wireless		-12
1551144840	00:20:a6:f6:90:98	Proxim Wireless		-256
1551144840	00:20:a6:f6:90:98	Proxim Wireless		-256
1551144840	00:20:a6:f6:90:98	Proxim Wireless		-256
1551144840	00:20:a6:f6:90:98	Proxim Wireless		-256
1551144840	00:20:a6:f6:90:98	Proxim Wireless		-256
1551144840	00:20:a6:f6:90:98	Proxim Wireless		-256
1551144840	00:20:a6:f6:90:98	Proxim Wireless		-256
1551144841	34:ab:37:00:ce:7c	UNKNOWN	HS-Access	-50
1551144841	34:ab:37:00:ce:7c	UNKNOWN	HS-Access	-50
1551144841	34:ab:37:00:ce:7c	UNKNOWN	HS-Access	-50
1551144841	34:ab:37:00:ce:7c	UNKNOWN	HS-Access	-50
1551144841	00:20:a6:f6:90:98	Proxim Wireless		-256
1551144841	00:20:a6:f6:90:98	Proxim Wireless		-256
1551144841	34:ab:37:00:ce:7c	UNKNOWN	HS-Access	-44
1551144841	34:ab:37:00:ce:7c	UNKNOWN	HS-Access	-41
1551144841	34:ab:37:00:ce:7c	UNKNOWN	HS-Access	-41
1551144841	34:ab:37:00:ce:7c	UNKNOWN	HS-Access	-40
1551144841	00:20:a6:f6:90:98	Proxim Wireless		-256
1551144841	00:20:a6:f6:90:98	Proxim Wireless		-256
1551144841	00:20:a6:f6:90:98	Proxim Wireless		-256
1551144841	00:20:a6:f6:90:98	Proxim Wireless		-256
